<?xml version="1.0" encoding="UTF-8"?>
<!-- Generated by org.testng.reporters.JUnitXMLReporter -->
<testsuite ignored="0" hostname="DESKTOP-V0GRNCA" failures="0" tests="2" name="Surefire test" time="11.093" errors="0" timestamp="2026-02-04T18:30:30 BRT">
  <testcase classname="io.cucumber.testng.AbstractTestNGCucumberTests" name="runScenario" time="5.206"/>
  <testcase classname="io.cucumber.testng.AbstractTestNGCucumberTests" name="runScenario" time="5.316"/>
</testsuite> <!-- Surefire test -->
