<?xml version="1.0" encoding="UTF-8"?>
<testng-results ignored="0" total="2" passed="2" failed="0" skipped="0">
  <reporter-output>
  </reporter-output>
  <suite started-at="2026-02-04T18:30:19 BRT" name="Surefire suite" finished-at="2026-02-04T18:30:30 BRT" duration-ms="11093">
    <groups>
      <group name="cucumber">
        <method signature="AbstractTestNGCucumberTests.runScenario(io.cucumber.testng.PickleWrapper,io.cucumber.testng.FeatureWrapper)[pri:0, instance:runners.TestRunner@6fe7aac8]" name="runScenario" class="io.cucumber.testng.AbstractTestNGCucumberTests"/>
      </group> <!-- cucumber -->
    </groups>
    <test started-at="2026-02-04T18:30:19 BRT" name="Surefire test" finished-at="2026-02-04T18:30:30 BRT" duration-ms="11093">
      <class name="runners.TestRunner">
        <test-method is-config="true" signature="setUpClass(org.testng.ITestContext)[pri:0, instance:runners.TestRunner@6fe7aac8]" started-at="2026-02-04T18:30:19 BRT" name="setUpClass" finished-at="2026-02-04T18:30:20 BRT" duration-ms="491" status="PASS">
          <params>
            <param index="0">
              <value>
                <![CDATA[org.testng.TestRunner@5c20aab9]]>
              </value>
            </param>
          </params>
          <reporter-output>
          </reporter-output>
        </test-method> <!-- setUpClass -->
        <test-method signature="runScenario(io.cucumber.testng.PickleWrapper,io.cucumber.testng.FeatureWrapper)[pri:0, instance:runners.TestRunner@6fe7aac8]" started-at="2026-02-04T18:30:20 BRT" name="runScenario" description="Runs Cucumber Scenarios" data-provider="scenarios" finished-at="2026-02-04T18:30:25 BRT" duration-ms="5206" status="PASS">
          <params>
            <param index="0">
              <value>
                <![CDATA["Access the stats center dashboard"]]>
              </value>
            </param>
            <param index="1">
              <value>
                <![CDATA["Stats Center Dashboard"]]>
              </value>
            </param>
          </params>
          <reporter-output>
          </reporter-output>
        </test-method> <!-- runScenario -->
        <test-method signature="runScenario(io.cucumber.testng.PickleWrapper,io.cucumber.testng.FeatureWrapper)[pri:0, instance:runners.TestRunner@6fe7aac8]" started-at="2026-02-04T18:30:25 BRT" name="runScenario" description="Runs Cucumber Scenarios" data-provider="scenarios" finished-at="2026-02-04T18:30:30 BRT" duration-ms="5316" status="PASS">
          <params>
            <param index="0">
              <value>
                <![CDATA["Display player statistics categories"]]>
              </value>
            </param>
            <param index="1">
              <value>
                <![CDATA["Stats Center Dashboard"]]>
              </value>
            </param>
          </params>
          <reporter-output>
          </reporter-output>
        </test-method> <!-- runScenario -->
        <test-method is-config="true" signature="tearDownClass()[pri:0, instance:runners.TestRunner@6fe7aac8]" started-at="2026-02-04T18:30:30 BRT" name="tearDownClass" finished-at="2026-02-04T18:30:30 BRT" duration-ms="40" status="PASS">
          <reporter-output>
          </reporter-output>
        </test-method> <!-- tearDownClass -->
      </class> <!-- runners.TestRunner -->
    </test> <!-- Surefire test -->
  </suite> <!-- Surefire suite -->
</testng-results>
