<?xml version="1.0" encoding="UTF-8"?>
<testng-results ignored="0" total="2" passed="2" failed="0" skipped="0">
  <reporter-output>
  </reporter-output>
  <suite started-at="2026-02-06T15:07:53 BRT" name="Suite - 1" finished-at="2026-02-06T15:08:02 BRT" duration-ms="8390">
    <groups>
      <group name="cucumber">
        <method signature="AbstractTestNGCucumberTests.runScenario(io.cucumber.testng.PickleWrapper,io.cucumber.testng.FeatureWrapper)[pri:0, instance:runners.TestRunner@35cabb2a]" name="runScenario" class="io.cucumber.testng.AbstractTestNGCucumberTests"/>
      </group> <!-- cucumber -->
    </groups>
    <test started-at="2026-02-06T15:07:53 BRT" name="GoalsStats" finished-at="2026-02-06T15:08:02 BRT" duration-ms="8390">
      <class name="runners.TestRunner">
        <test-method is-config="true" signature="initializeBrowser(java.lang.String)[pri:0, instance:runners.TestRunner@35cabb2a]" started-at="2026-02-06T15:07:53 BRT" name="initializeBrowser" finished-at="2026-02-06T15:08:00 BRT" duration-ms="6691" status="PASS">
          <params>
            <param index="0">
              <value>
                <![CDATA[chrome]]>
              </value>
            </param>
          </params>
          <reporter-output>
          </reporter-output>
        </test-method> <!-- initializeBrowser -->
        <test-method is-config="true" signature="setUpClass(org.testng.ITestContext)[pri:0, instance:runners.TestRunner@35cabb2a]" started-at="2026-02-06T15:08:00 BRT" name="setUpClass" finished-at="2026-02-06T15:08:01 BRT" duration-ms="722" status="PASS">
          <params>
            <param index="0">
              <value>
                <![CDATA[org.testng.TestRunner@8b91134]]>
              </value>
            </param>
          </params>
          <reporter-output>
          </reporter-output>
        </test-method> <!-- setUpClass -->
        <test-method signature="runScenario(io.cucumber.testng.PickleWrapper,io.cucumber.testng.FeatureWrapper)[pri:0, instance:runners.TestRunner@35cabb2a]" started-at="2026-02-06T15:08:01 BRT" name="runScenario" description="Runs Cucumber Scenarios" data-provider="scenarios" finished-at="2026-02-06T15:08:01 BRT" duration-ms="195" status="PASS">
          <params>
            <param index="0">
              <value>
                <![CDATA["Access the stats center dashboard"]]>
              </value>
            </param>
            <param index="1">
              <value>
                <![CDATA["Stats Center Dashboard"]]>
              </value>
            </param>
          </params>
          <reporter-output>
          </reporter-output>
        </test-method> <!-- runScenario -->
        <test-method signature="runScenario(io.cucumber.testng.PickleWrapper,io.cucumber.testng.FeatureWrapper)[pri:0, instance:runners.TestRunner@35cabb2a]" started-at="2026-02-06T15:08:01 BRT" name="runScenario" description="Runs Cucumber Scenarios" data-provider="scenarios" finished-at="2026-02-06T15:08:01 BRT" duration-ms="469" status="PASS">
          <params>
            <param index="0">
              <value>
                <![CDATA["Display player statistics categories"]]>
              </value>
            </param>
            <param index="1">
              <value>
                <![CDATA["Stats Center Dashboard"]]>
              </value>
            </param>
          </params>
          <reporter-output>
          </reporter-output>
        </test-method> <!-- runScenario -->
        <test-method is-config="true" signature="tearDownClass()[pri:0, instance:runners.TestRunner@35cabb2a]" started-at="2026-02-06T15:08:01 BRT" name="tearDownClass" finished-at="2026-02-06T15:08:01 BRT" duration-ms="45" status="PASS">
          <reporter-output>
          </reporter-output>
        </test-method> <!-- tearDownClass -->
        <test-method is-config="true" signature="quitDriver()[pri:0, instance:runners.TestRunner@35cabb2a]" started-at="2026-02-06T15:08:01 BRT" name="quitDriver" finished-at="2026-02-06T15:08:02 BRT" duration-ms="223" status="PASS">
          <reporter-output>
          </reporter-output>
        </test-method> <!-- quitDriver -->
      </class> <!-- runners.TestRunner -->
    </test> <!-- GoalsStats -->
  </suite> <!-- Suite - 1 -->
</testng-results>
